ERROR:root:Connection has failed... 2003: Can't connect to MySQL server on '127.0.0.1:3306' (10061 No se puede establecer una conexión ya que el equipo de destino denegó expresamente dicha conexión)
INFO:root:Connection is working... 5.5.5-10.4.24-MariaDB
DEBUG:root: >> fetch done 
DEBUG:root: >> cursor close
DEBUG:root: >> rollback done
DEBUG:root: >> cursor close
DEBUG:root: >> commit done 
DEBUG:root: >> cursor close
INFO:root: >> Connection is closed
INFO:root:Connection is working... 5.5.5-10.4.24-MariaDB
DEBUG:root: >> fetch done 
DEBUG:root: >> cursor close
DEBUG:root: >> commit done 
DEBUG:root: >> cursor close
DEBUG:root: >> fetch done 
DEBUG:root: >> cursor close
DEBUG:root: >> fetch done 
DEBUG:root: >> cursor close
DEBUG:root: >> commit done 
DEBUG:root: >> cursor close
DEBUG:root: >> fetch done 
DEBUG:root: >> cursor close
DEBUG:root: >> commit done 
DEBUG:root: >> cursor close
DEBUG:root: >> fetch done 
DEBUG:root: >> cursor close
DEBUG:root: >> rollback done
DEBUG:root: >> cursor close
DEBUG:root: >> fetch done 
DEBUG:root: >> cursor close
DEBUG:root: >> rollback done
DEBUG:root: >> cursor close
DEBUG:root: >> rollback done
DEBUG:root: >> cursor close
DEBUG:root: >> rollback done
DEBUG:root: >> cursor close
DEBUG:root: >> rollback done
DEBUG:root: >> cursor close
DEBUG:root: >> fetch done 
DEBUG:root: >> cursor close
DEBUG:root: >> commit done 
DEBUG:root: >> cursor close
DEBUG:root: >> commit done 
DEBUG:root: >> cursor close
DEBUG:root: >> fetch done 
DEBUG:root: >> cursor close
DEBUG:root: >> rollback done
DEBUG:root: >> cursor close
DEBUG:root: >> commit done 
DEBUG:root: >> cursor close
DEBUG:root: >> fetch done 
DEBUG:root: >> cursor close
DEBUG:root: >> commit done 
DEBUG:root: >> cursor close
DEBUG:root: >> fetch done 
DEBUG:root: >> cursor close
ERROR:root:Connection has failed... 2003: Can't connect to MySQL server on '127.0.0.1:3306' (10061 No se puede establecer una conexión ya que el equipo de destino denegó expresamente dicha conexión)
INFO:root:Connection is working... 5.5.5-10.4.24-MariaDB
DEBUG:root: >> rollback done
DEBUG:root: >> cursor close
DEBUG:root: >> rollback done
DEBUG:root: >> cursor close
DEBUG:root: >> rollback done
DEBUG:root: >> cursor close
DEBUG:root: >> rollback done
DEBUG:root: >> cursor close
INFO:root:Connection is working... 5.5.5-10.4.24-MariaDB
DEBUG:root: >> rollback done
DEBUG:root: >> cursor close
DEBUG:root: >> rollback done
DEBUG:root: >> cursor close
DEBUG:root: >> commit done 
DEBUG:root: >> cursor close
DEBUG:root: >> rollback done
DEBUG:root: >> cursor close
DEBUG:root: >> rollback done
DEBUG:root: >> cursor close
DEBUG:root: >> fetch done 
DEBUG:root: >> cursor close
DEBUG:root: >> rollback done
DEBUG:root: >> cursor close
INFO:root: >> Connection is closed
DEBUG:root: >> rollback done
DEBUG:root: >> cursor close
ERROR:root:Connection has failed... 2003: Can't connect to MySQL server on '127.0.0.1:3306' (10061 No se puede establecer una conexión ya que el equipo de destino denegó expresamente dicha conexión)
INFO:root:Connection is working... 5.5.5-10.4.24-MariaDB
DEBUG:root: >> fetch done 
DEBUG:root: >> cursor close
DEBUG:root: >> commit done 
DEBUG:root: >> cursor close
INFO:root: >> Connection is closed
INFO:root:Connection is working... 5.5.5-10.4.24-MariaDB
DEBUG:root: >> fetch done 
DEBUG:root: >> cursor close
DEBUG:root: >> rollback done
DEBUG:root: >> cursor close
DEBUG:root: >> rollback done
DEBUG:root: >> cursor close
DEBUG:root: >> rollback done
DEBUG:root: >> cursor close
DEBUG:root: >> commit done 
DEBUG:root: >> cursor close
DEBUG:root: >> rollback done
DEBUG:root: >> cursor close
DEBUG:root: >> rollback done
DEBUG:root: >> cursor close
DEBUG:root: >> rollback done
DEBUG:root: >> cursor close
DEBUG:root: >> rollback done
DEBUG:root: >> cursor close
INFO:root:Connection is working... 5.5.5-10.4.24-MariaDB
DEBUG:root: >> fetch done 
DEBUG:root: >> cursor close
DEBUG:root: >> commit done 
DEBUG:root: >> cursor close
DEBUG:root: >> fetch done 
DEBUG:root: >> cursor close
DEBUG:root: >> commit done 
DEBUG:root: >> cursor close
DEBUG:root: >> rollback done
DEBUG:root: >> cursor close
DEBUG:root: >> commit done 
DEBUG:root: >> cursor close
DEBUG:root: >> commit done 
DEBUG:root: >> cursor close
DEBUG:root: >> commit done 
DEBUG:root: >> cursor close
DEBUG:root: >> commit done 
DEBUG:root: >> cursor close
DEBUG:root: >> fetch done 
DEBUG:root: >> cursor close
DEBUG:root: >> fetch done 
DEBUG:root: >> cursor close
DEBUG:root: >> fetch done 
DEBUG:root: >> cursor close
DEBUG:root: >> commit done 
DEBUG:root: >> cursor close
DEBUG:root: >> fetch done 
DEBUG:root: >> cursor close
DEBUG:root: >> fetch done 
DEBUG:root: >> cursor close
DEBUG:root: >> rollback done
DEBUG:root: >> cursor close
DEBUG:root: >> rollback done
DEBUG:root: >> cursor close
DEBUG:root: >> rollback done
DEBUG:root: >> cursor close
DEBUG:root: >> rollback done
DEBUG:root: >> cursor close
DEBUG:root: >> rollback done
DEBUG:root: >> cursor close
DEBUG:root: >> commit done 
DEBUG:root: >> cursor close
DEBUG:root: >> commit done 
DEBUG:root: >> cursor close
DEBUG:root: >> fetch done 
DEBUG:root: >> cursor close
DEBUG:root: >> commit done 
DEBUG:root: >> cursor close
DEBUG:root: >> commit done 
DEBUG:root: >> cursor close
DEBUG:root: >> commit done 
DEBUG:root: >> cursor close
DEBUG:root: >> commit done 
DEBUG:root: >> cursor close
DEBUG:root: >> fetch done 
DEBUG:root: >> cursor close
DEBUG:root: >> commit done 
DEBUG:root: >> cursor close
DEBUG:root: >> fetch done 
DEBUG:root: >> cursor close
DEBUG:root: >> commit done 
DEBUG:root: >> cursor close
DEBUG:root: >> fetch done 
DEBUG:root: >> cursor close
DEBUG:root: >> rollback done
DEBUG:root: >> cursor close
DEBUG:root: >> rollback done
DEBUG:root: >> cursor close
DEBUG:root: >> rollback done
DEBUG:root: >> cursor close
DEBUG:root: >> rollback done
DEBUG:root: >> cursor close
DEBUG:root: >> fetch done 
DEBUG:root: >> cursor close
DEBUG:root: >> fetch done 
DEBUG:root: >> cursor close
DEBUG:root: >> fetch done 
DEBUG:root: >> cursor close
DEBUG:root: >> rollback done
DEBUG:root: >> cursor close
DEBUG:root: >> rollback done
DEBUG:root: >> cursor close
DEBUG:root: >> rollback done
DEBUG:root: >> cursor close
DEBUG:root: >> fetch done 
DEBUG:root: >> cursor close
DEBUG:root: >> rollback done
DEBUG:root: >> cursor close
DEBUG:root: >> rollback done
DEBUG:root: >> cursor close
DEBUG:root: >> rollback done
DEBUG:root: >> cursor close
INFO:root:Connection is working... 5.5.5-10.4.24-MariaDB
DEBUG:root: >> rollback done
DEBUG:root: >> cursor close
DEBUG:root: >> rollback done
DEBUG:root: >> cursor close
DEBUG:root: >> fetch done 
DEBUG:root: >> cursor close
DEBUG:root: >> rollback done
DEBUG:root: >> cursor close
DEBUG:root: >> rollback done
DEBUG:root: >> cursor close
DEBUG:root: >> rollback done
DEBUG:root: >> cursor close
DEBUG:root: >> rollback done
DEBUG:root: >> cursor close
INFO:root:Connection is working... 5.5.5-10.4.24-MariaDB
DEBUG:root: >> fetch done 
DEBUG:root: >> cursor close
DEBUG:root: >> rollback done
DEBUG:root: >> cursor close
DEBUG:root: >> rollback done
DEBUG:root: >> cursor close
DEBUG:root: >> commit done 
DEBUG:root: >> cursor close
DEBUG:root: >> fetch done 
DEBUG:root: >> cursor close
DEBUG:root: >> fetch done 
DEBUG:root: >> cursor close
INFO:root:Connection is working... 5.5.5-10.4.24-MariaDB
DEBUG:root: >> fetch done 
DEBUG:root: >> cursor close
DEBUG:root: >> commit done 
DEBUG:root: >> cursor close
DEBUG:root: >> fetch done 
DEBUG:root: >> cursor close
